#
# A fatal error has been detected by the Java Runtime Environment:
#
#  EXCEPTION_ACCESS_VIOLATION (0xc0000005) at pc=0x00007ffa1c458299, pid=5620, tid=1008
#
# JRE version: Java(TM) SE Runtime Environment (8.0_20-b26) (build 1.8.0_20-b26)
# Java VM: Java HotSpot(TM) 64-Bit Server VM (25.20-b23 mixed mode windows-amd64 compressed oops)
# Problematic frame:
# C  [ntdll.dll+0x38299]
#
# Failed to write core dump. Minidumps are not enabled by default on client versions of Windows
#
# If you would like to submit a bug report, please visit:
#   http://bugreport.sun.com/bugreport/crash.jsp
# The crash happened outside the Java Virtual Machine in native code.
# See problematic frame for where to report the bug.
#

---------------  T H R E A D  ---------------

Current thread (0x0000000015d37800):  JavaThread "Thread-3" [_thread_in_native, id=1008, stack(0x0000000017b30000,0x0000000017c30000)]

siginfo: ExceptionCode=0xc0000005, reading address 0xffffffffffffffff

Registers:
RAX=0x00007ff60a0a2000, RBX=0x000000000140c538, RCX=0x180015c504dca9d8, RDX=0x0000000000000000
RSP=0x0000000017c2eff8, RBP=0x0000000017c2f118, RSI=0x0000000001409b60, RDI=0x0000000000000000
R8 =0x000000006a8f3410, R9 =0x0000000000000000, R10=0x0000000002e2436b, R11=0x0000000065cd14f0
R12=0x0000000000000000, R13=0x0000000013ab2190, R14=0x0000000017c2f150, R15=0x0000000015d37800
RIP=0x00007ffa1c458299, EFLAGS=0x0000000000010202

Top of Stack: (sp=0x0000000017c2eff8)
0x0000000017c2eff8:   000000006a8c87e1 0000000017c2f0c8
0x0000000017c2f008:   0000000065ce242f 0000000017c2f0c8
0x0000000017c2f018:   0000000017c2f118 0000000015d37800
0x0000000017c2f028:   000000006a8f3410 0000000015d379e8
0x0000000017c2f038:   0000000000000064 0000000002e17470
0x0000000017c2f048:   000000006a8c2493 0000000000000064
0x0000000017c2f058:   0000000065ba51ab 0000000015cf1f80
0x0000000017c2f068:   0000000065b67c01 0000000013ab2190
0x0000000017c2f078:   0000000002e24397 00000000f6217c68
0x0000000017c2f088:   0000000065ba52c1 0000000002e17470
0x0000000017c2f098:   0000000002e2413f 0000000015d37800
0x0000000017c2f0a8:   0000000013ab2190 0000000000000004
0x0000000017c2f0b8:   0000000065bbb982 0000000002e240f9
0x0000000017c2f0c8:   0000000000000003 00000000f6933928
0x0000000017c2f0d8:   0000000017c2f0c8 0000000013ab2190
0x0000000017c2f0e8:   0000000017c2f150 0000000013aceff8 

Instructions: (pc=0x00007ffa1c458299)
0x00007ffa1c458279:   5e 41 5d 41 5c 5f c3 cc cc cc cc cc cc cc cc cc
0x00007ffa1c458289:   cc cc cc cc cc cc cc 65 48 8b 04 25 30 00 00 00
0x00007ffa1c458299:   f0 0f ba 71 08 00 48 8b 40 48 73 0e 48 89 41 10
0x00007ffa1c4582a9:   c7 41 0c 01 00 00 00 33 c0 c3 48 39 41 10 75 06 


Register to memory mapping:

RAX=0x00007ff60a0a2000 is an unknown value
RBX=0x000000000140c538 is an unknown value
RCX=0x180015c504dca9d8 is an unknown value
RDX=0x0000000000000000 is an unknown value
RSP=0x0000000017c2eff8 is pointing into the stack for thread: 0x0000000015d37800
RBP=0x0000000017c2f118 is pointing into the stack for thread: 0x0000000015d37800
RSI=0x0000000001409b60 is an unknown value
RDI=0x0000000000000000 is an unknown value
R8 =0x000000006a8f3410 is an unknown value
R9 =0x0000000000000000 is an unknown value
R10=0x0000000002e2436b is at code_begin+1227 in an Interpreter codelet
method entry point (kind = native_synchronized)  [0x0000000002e23ea0, 0x0000000002e24980]  2784 bytes
R11=0x0000000065cd14f0 is an unknown value
R12=0x0000000000000000 is an unknown value
R13={method} {0x0000000013ab2198} 'column_name' '(JI)Ljava/lang/String;' in 'org/sqlite/core/NativeDB'
R14=0x0000000017c2f150 is pointing into the stack for thread: 0x0000000015d37800
R15=0x0000000015d37800 is a thread


Stack: [0x0000000017b30000,0x0000000017c30000],  sp=0x0000000017c2eff8,  free space=1019k
Native frames: (J=compiled Java code, j=interpreted, Vv=VM code, C=native code)
C  [ntdll.dll+0x38299]

Java frames: (J=compiled Java code, j=interpreted, Vv=VM code)
j  org.sqlite.core.NativeDB.column_name(JI)Ljava/lang/String;+0
j  org.sqlite.core.DB.column_names(J)[Ljava/lang/String;+26
j  org.sqlite.jdbc3.JDBC3Statement.getResultSet()Ljava/sql/ResultSet;+62
j  org.sqlite.jdbc3.JDBC3Statement.executeQuery(Ljava/lang/String;)Ljava/sql/ResultSet;+43
j  DBConnector.getUsersByType(LUsersTypes;)[LUser;+47
j  SocketForOneUser.switcher()V+329
j  SocketForOneUser.run()V+55
v  ~StubRoutines::call_stub

---------------  P R O C E S S  ---------------

Java Threads: ( => current thread )
  0x0000000015bc5000 JavaThread "Thread-4" [_thread_in_Java, id=3868, stack(0x0000000017c30000,0x0000000017d30000)]
=>0x0000000015d37800 JavaThread "Thread-3" [_thread_in_native, id=1008, stack(0x0000000017b30000,0x0000000017c30000)]
  0x00000000166c7800 JavaThread "Thread-2" [_thread_in_native, id=4708, stack(0x0000000016160000,0x0000000016260000)]
  0x0000000015c50800 JavaThread "Thread-0" [_thread_in_native, id=4728, stack(0x0000000016260000,0x0000000016360000)]
  0x0000000015b8a000 JavaThread "Monitor Ctrl-Break" daemon [_thread_in_native, id=5272, stack(0x0000000015f60000,0x0000000016060000)]
  0x000000001409b000 JavaThread "Service Thread" daemon [_thread_blocked, id=5276, stack(0x00000000158a0000,0x00000000159a0000)]
  0x0000000014094800 JavaThread "C1 CompilerThread2" daemon [_thread_blocked, id=5268, stack(0x00000000157a0000,0x00000000158a0000)]
  0x000000001408e000 JavaThread "C2 CompilerThread1" daemon [_thread_blocked, id=5264, stack(0x00000000156a0000,0x00000000157a0000)]
  0x000000001403c800 JavaThread "C2 CompilerThread0" daemon [_thread_blocked, id=5488, stack(0x00000000155a0000,0x00000000156a0000)]
  0x000000001403a800 JavaThread "Attach Listener" daemon [_thread_blocked, id=5648, stack(0x00000000154a0000,0x00000000155a0000)]
  0x0000000014039800 JavaThread "Signal Dispatcher" daemon [_thread_blocked, id=5484, stack(0x00000000153a0000,0x00000000154a0000)]
  0x0000000002e07000 JavaThread "Finalizer" daemon [_thread_blocked, id=5180, stack(0x00000000152a0000,0x00000000153a0000)]
  0x0000000002dfe000 JavaThread "Reference Handler" daemon [_thread_blocked, id=5164, stack(0x00000000151a0000,0x00000000152a0000)]
  0x0000000002d0e800 JavaThread "main" [_thread_in_native, id=5540, stack(0x0000000002b30000,0x0000000002c30000)]

Other Threads:
  0x0000000014005800 VMThread [stack: 0x00000000150a0000,0x00000000151a0000] [id=5376]
  0x000000001409e000 WatcherThread [stack: 0x00000000159a0000,0x0000000015aa0000] [id=5188]

VM state:not at safepoint (normal execution)

VM Mutex/Monitor currently owned by a thread: None

Heap:
 PSYoungGen      total 9216K, used 2861K [0x00000000f6100000, 0x00000000f6e00000, 0x0000000100000000)
  eden space 8192K, 22% used [0x00000000f6100000,0x00000000f62d34c8,0x00000000f6900000)
  from space 1024K, 96% used [0x00000000f6900000,0x00000000f69f8080,0x00000000f6a00000)
  to   space 2560K, 0% used [0x00000000f6b80000,0x00000000f6b80000,0x00000000f6e00000)
 ParOldGen       total 20480K, used 3195K [0x00000000e2200000, 0x00000000e3600000, 0x00000000f6100000)
  object space 20480K, 15% used [0x00000000e2200000,0x00000000e251ede0,0x00000000e3600000)
 Metaspace       used 9202K, capacity 9314K, committed 9600K, reserved 1058816K
  class space    used 1005K, capacity 1061K, committed 1152K, reserved 1048576K

Card table byte_map: [0x00000000121d0000,0x00000000122c0000] byte_map_base: 0x0000000011abf000

Marking Bits: (ParMarkBitMap*) 0x000000006629b460
 Begin Bits: [0x00000000126c0000, 0x0000000012e38000)
 End Bits:   [0x0000000012e38000, 0x00000000135b0000)

Polling page: 0x0000000001350000

CodeCache: size=245760Kb used=5597Kb max_used=5597Kb free=240162Kb
 bounds [0x0000000002e10000, 0x0000000003390000, 0x0000000011e10000]
 total_blobs=1764 nmethods=1464 adapters=214
 compilation: enabled

Compilation events (10 events):
Event: 254.394 Thread 0x0000000014094800 1461       1       sun.reflect.generics.tree.Wildcard::getUpperBounds (5 bytes)
Event: 254.394 Thread 0x0000000014094800 nmethod 1461 0x0000000003385610 code [0x0000000003385760, 0x0000000003385870]
Event: 254.394 Thread 0x0000000014094800 1463       1       com.sun.xml.internal.bind.v2.model.impl.ERPropertyInfoImpl::getXmlName (5 bytes)
Event: 254.394 Thread 0x0000000014094800 nmethod 1463 0x00000000033858d0 code [0x0000000003385a20, 0x0000000003385b30]
Event: 254.394 Thread 0x0000000014094800 1464       1       com.sun.xml.internal.bind.v2.model.impl.ERPropertyInfoImpl::isCollectionNillable (5 bytes)
Event: 254.394 Thread 0x0000000014094800 nmethod 1464 0x0000000003385b90 code [0x0000000003385ce0, 0x0000000003385df0]
Event: 254.396 Thread 0x0000000014094800 1466       3       com.sun.org.apache.xerces.internal.util.AugmentationsImpl$SmallContainer::clear (41 bytes)
Event: 254.396 Thread 0x0000000014094800 nmethod 1466 0x0000000003385e50 code [0x0000000003385fe0, 0x0000000003386490]
Event: 254.396 Thread 0x0000000014094800 1465       3       com.sun.org.apache.xerces.internal.util.AugmentationsImpl::removeAllItems (8 bytes)
Event: 254.396 Thread 0x0000000014094800 nmethod 1465 0x0000000003386650 code [0x00000000033867c0, 0x00000000033869e8]

GC Heap History (10 events):
Event: 107.281 GC heap before
{Heap before GC invocations=1 (full 0):
 PSYoungGen      total 9216K, used 8192K [0x00000000f6100000, 0x00000000f6b00000, 0x0000000100000000)
  eden space 8192K, 100% used [0x00000000f6100000,0x00000000f6900000,0x00000000f6900000)
  from space 1024K, 0% used [0x00000000f6a00000,0x00000000f6a00000,0x00000000f6b00000)
  to   space 1024K, 0% used [0x00000000f6900000,0x00000000f6900000,0x00000000f6a00000)
 ParOldGen       total 20480K, used 0K [0x00000000e2200000, 0x00000000e3600000, 0x00000000f6100000)
  object space 20480K, 0% used [0x00000000e2200000,0x00000000e2200000,0x00000000e3600000)
 Metaspace       used 8554K, capacity 8650K, committed 8832K, reserved 1056768K
  class space    used 1000K, capacity 1057K, committed 1152K, reserved 1048576K
Event: 107.287 GC heap after
Heap after GC invocations=1 (full 0):
 PSYoungGen      total 9216K, used 992K [0x00000000f6100000, 0x00000000f6b00000, 0x0000000100000000)
  eden space 8192K, 0% used [0x00000000f6100000,0x00000000f6100000,0x00000000f6900000)
  from space 1024K, 96% used [0x00000000f6900000,0x00000000f69f8020,0x00000000f6a00000)
  to   space 1024K, 0% used [0x00000000f6a00000,0x00000000f6a00000,0x00000000f6b00000)
 ParOldGen       total 20480K, used 1091K [0x00000000e2200000, 0x00000000e3600000, 0x00000000f6100000)
  object space 20480K, 5% used [0x00000000e2200000,0x00000000e2310de0,0x00000000e3600000)
 Metaspace       used 8554K, capacity 8650K, committed 8832K, reserved 1056768K
  class space    used 1000K, capacity 1057K, committed 1152K, reserved 1048576K
}
Event: 140.995 GC heap before
{Heap before GC invocations=2 (full 0):
 PSYoungGen      total 9216K, used 9184K [0x00000000f6100000, 0x00000000f6b00000, 0x0000000100000000)
  eden space 8192K, 100% used [0x00000000f6100000,0x00000000f6900000,0x00000000f6900000)
  from space 1024K, 96% used [0x00000000f6900000,0x00000000f69f8020,0x00000000f6a00000)
  to   space 1024K, 0% used [0x00000000f6a00000,0x00000000f6a00000,0x00000000f6b00000)
 ParOldGen       total 20480K, used 1091K [0x00000000e2200000, 0x00000000e3600000, 0x00000000f6100000)
  object space 20480K, 5% used [0x00000000e2200000,0x00000000e2310de0,0x00000000e3600000)
 Metaspace       used 8821K, capacity 8930K, committed 9088K, reserved 1056768K
  class space    used 1003K, capacity 1061K, committed 1152K, reserved 1048576K
Event: 141.001 GC heap after
Heap after GC invocations=2 (full 0):
 PSYoungGen      total 9216K, used 1008K [0x00000000f6100000, 0x00000000f6b00000, 0x0000000100000000)
  eden space 8192K, 0% used [0x00000000f6100000,0x00000000f6100000,0x00000000f6900000)
  from space 1024K, 98% used [0x00000000f6a00000,0x00000000f6afc050,0x00000000f6b00000)
  to   space 1024K, 0% used [0x00000000f6900000,0x00000000f6900000,0x00000000f6a00000)
 ParOldGen       total 20480K, used 1595K [0x00000000e2200000, 0x00000000e3600000, 0x00000000f6100000)
  object space 20480K, 7% used [0x00000000e2200000,0x00000000e238ede0,0x00000000e3600000)
 Metaspace       used 8821K, capacity 8930K, committed 9088K, reserved 1056768K
  class space    used 1003K, capacity 1061K, committed 1152K, reserved 1048576K
}
Event: 181.750 GC heap before
{Heap before GC invocations=3 (full 0):
 PSYoungGen      total 9216K, used 9200K [0x00000000f6100000, 0x00000000f6b00000, 0x0000000100000000)
  eden space 8192K, 100% used [0x00000000f6100000,0x00000000f6900000,0x00000000f6900000)
  from space 1024K, 98% used [0x00000000f6a00000,0x00000000f6afc050,0x00000000f6b00000)
  to   space 1024K, 0% used [0x00000000f6900000,0x00000000f6900000,0x00000000f6a00000)
 ParOldGen       total 20480K, used 1595K [0x00000000e2200000, 0x00000000e3600000, 0x00000000f6100000)
  object space 20480K, 7% used [0x00000000e2200000,0x00000000e238ede0,0x00000000e3600000)
 Metaspace       used 8990K, capacity 9122K, committed 9344K, reserved 1056768K
  class space    used 1003K, capacity 1061K, committed 1152K, reserved 1048576K
Event: 181.757 GC heap after
Heap after GC invocations=3 (full 0):
 PSYoungGen      total 9216K, used 1008K [0x00000000f6100000, 0x00000000f6b00000, 0x0000000100000000)
  eden space 8192K, 0% used [0x00000000f6100000,0x00000000f6100000,0x00000000f6900000)
  from space 1024K, 98% used [0x00000000f6900000,0x00000000f69fc050,0x00000000f6a00000)
  to   space 1024K, 0% used [0x00000000f6a00000,0x00000000f6a00000,0x00000000f6b00000)
 ParOldGen       total 20480K, used 2123K [0x00000000e2200000, 0x00000000e3600000, 0x00000000f6100000)
  object space 20480K, 10% used [0x00000000e2200000,0x00000000e2412de0,0x00000000e3600000)
 Metaspace       used 8990K, capacity 9122K, committed 9344K, reserved 1056768K
  class space    used 1003K, capacity 1061K, committed 1152K, reserved 1048576K
}
Event: 222.002 GC heap before
{Heap before GC invocations=4 (full 0):
 PSYoungGen      total 9216K, used 9200K [0x00000000f6100000, 0x00000000f6b00000, 0x0000000100000000)
  eden space 8192K, 100% used [0x00000000f6100000,0x00000000f6900000,0x00000000f6900000)
  from space 1024K, 98% used [0x00000000f6900000,0x00000000f69fc050,0x00000000f6a00000)
  to   space 1024K, 0% used [0x00000000f6a00000,0x00000000f6a00000,0x00000000f6b00000)
 ParOldGen       total 20480K, used 2123K [0x00000000e2200000, 0x00000000e3600000, 0x00000000f6100000)
  object space 20480K, 10% used [0x00000000e2200000,0x00000000e2412de0,0x00000000e3600000)
 Metaspace       used 9085K, capacity 9250K, committed 9344K, reserved 1056768K
  class space    used 1003K, capacity 1061K, committed 1152K, reserved 1048576K
Event: 222.008 GC heap after
Heap after GC invocations=4 (full 0):
 PSYoungGen      total 9216K, used 1008K [0x00000000f6100000, 0x00000000f6b00000, 0x0000000100000000)
  eden space 8192K, 0% used [0x00000000f6100000,0x00000000f6100000,0x00000000f6900000)
  from space 1024K, 98% used [0x00000000f6a00000,0x00000000f6afc070,0x00000000f6b00000)
  to   space 1024K, 0% used [0x00000000f6900000,0x00000000f6900000,0x00000000f6a00000)
 ParOldGen       total 20480K, used 2731K [0x00000000e2200000, 0x00000000e3600000, 0x00000000f6100000)
  object space 20480K, 13% used [0x00000000e2200000,0x00000000e24aade0,0x00000000e3600000)
 Metaspace       used 9085K, capacity 9250K, committed 9344K, reserved 1056768K
  class space    used 1003K, capacity 1061K, committed 1152K, reserved 1048576K
}
Event: 254.217 GC heap before
{Heap before GC invocations=5 (full 0):
 PSYoungGen      total 9216K, used 9200K [0x00000000f6100000, 0x00000000f6b00000, 0x0000000100000000)
  eden space 8192K, 100% used [0x00000000f6100000,0x00000000f6900000,0x00000000f6900000)
  from space 1024K, 98% used [0x00000000f6a00000,0x00000000f6afc070,0x00000000f6b00000)
  to   space 1024K, 0% used [0x00000000f6900000,0x00000000f6900000,0x00000000f6a00000)
 ParOldGen       total 20480K, used 2731K [0x00000000e2200000, 0x00000000e3600000, 0x00000000f6100000)
  object space 20480K, 13% used [0x00000000e2200000,0x00000000e24aade0,0x00000000e3600000)
 Metaspace       used 9174K, capacity 9314K, committed 9600K, reserved 1058816K
  class space    used 1004K, capacity 1061K, committed 1152K, reserved 1048576K
Event: 254.272 GC heap after
Heap after GC invocations=5 (full 0):
 PSYoungGen      total 9216K, used 992K [0x00000000f6100000, 0x00000000f6e00000, 0x0000000100000000)
  eden space 8192K, 0% used [0x00000000f6100000,0x00000000f6100000,0x00000000f6900000)
  from space 1024K, 96% used [0x00000000f6900000,0x00000000f69f8080,0x00000000f6a00000)
  to   space 2560K, 0% used [0x00000000f6b80000,0x00000000f6b80000,0x00000000f6e00000)
 ParOldGen       total 20480K, used 3195K [0x00000000e2200000, 0x00000000e3600000, 0x00000000f6100000)
  object space 20480K, 15% used [0x00000000e2200000,0x00000000e251ede0,0x00000000e3600000)
 Metaspace       used 9174K, capacity 9314K, committed 9600K, reserved 1058816K
  class space    used 1004K, capacity 1061K, committed 1152K, reserved 1048576K
}

Deoptimization events (3 events):
Event: 3.675 Thread 0x0000000002d0e800 Uncommon trap: reason=unloaded action=reinterpret pc=0x0000000002f78ca4 method=org.sqlite.SQLiteJDBCLoader.md5sum(Ljava/io/InputStream;)Ljava/lang/String; @ 35
Event: 3.786 Thread 0x0000000002d0e800 Uncommon trap: reason=unreached action=reinterpret pc=0x0000000002f72ff0 method=sun.security.provider.DigestBase.engineUpdate(B)V @ 4
Event: 116.569 Thread 0x0000000015c50800 Uncommon trap: reason=range_check action=make_not_entrant pc=0x00000000030b7f60 method=sun.reflect.generics.parser.SignatureParser.current()C @ 34

Internal exceptions (10 events):
Event: 254.059 Thread 0x0000000015bc5000 Exception <a 'java/lang/ClassNotFoundException': com/sun/org/glassfish/hk2/osgiresourcelocator/ServiceLoader> (0x00000000f673b3c0) thrown at [D:\re\workspace\8-2-build-windows-amd64-cygwin\jdk8u20\1074\hotspot\src\share\vm\classfile\systemDictionary.cpp, l	_[Ó¡o@
Event: 254.060 Thread 0x0000000015d37800 Exception <a 'java/lang/ClassNotFoundException': com/sun/org/glassfish/hk2/osgiresourcelocator/ServiceLoader> (0x00000000f6313a20) thrown at [D:\re\workspace\8-2-build-windows-amd64-cygwin\jdk8u20\1074\hotspot\src\share\vm\classfile\systemDictionary.cpp, l√›IP¬o@
Event: 254.092 Thread 0x0000000015bc5000 Exception <a 'java/lang/ClassNotFoundException': com/sun/org/glassfish/hk2/osgiresourcelocator/ServiceLoader> (0x00000000f67dde30) thrown at [D:\re\workspace\8-2-build-windows-amd64-cygwin\jdk8u20\1074\hotspot\src\share\vm\classfile\systemDictionary.cpp, lÑèñÒ¬o@
Event: 254.092 Thread 0x0000000015d37800 Exception <a 'java/lang/ClassNotFoundException': com/sun/org/glassfish/hk2/osgiresourcelocator/ServiceLoader> (0x00000000f67e4578) thrown at [D:\re\workspace\8-2-build-windows-amd64-cygwin\jdk8u20\1074\hotspot\src\share\vm\classfile\systemDictionary.cpp, l
Event: 254.121 Thread 0x0000000015bc5000 Exception <a 'java/lang/ClassNotFoundException': com/sun/org/glassfish/hk2/osgiresourcelocator/ServiceLoader> (0x00000000f6876c58) thrown at [D:\re\workspace\8-2-build-windows-amd64-cygwin\jdk8u20\1074\hotspot\src\share\vm\classfile\systemDictionary.cpp, lk!À,õƒo@
Event: 254.144 Thread 0x0000000015bc5000 Exception <a 'java/lang/ClassNotFoundException': com/sun/org/glassfish/hk2/osgiresourcelocator/ServiceLoader> (0x00000000f68c3b28) thrown at [D:\re\workspace\8-2-build-windows-amd64-cygwin\jdk8u20\1074\hotspot\src\share\vm\classfile\systemDictionary.cpp, lÃ›p€)…o@
Event: 254.286 Thread 0x0000000015bc5000 Exception <a 'java/lang/ClassNotFoundException': com/sun/org/glassfish/hk2/osgiresourcelocator/ServiceLoader> (0x00000000f6110ac8) thrown at [D:\re\workspace\8-2-build-windows-amd64-cygwin\jdk8u20\1074\hotspot\src\share\vm\classfile\systemDictionary.cpp, l{àKÕ≥…o@
Event: 254.303 Thread 0x0000000015bc5000 Exception <a 'java/lang/ClassNotFoundException': com/sun/org/glassfish/hk2/osgiresourcelocator/ServiceLoader> (0x00000000f615fd48) thrown at [D:\re\workspace\8-2-build-windows-amd64-cygwin\jdk8u20\1074\hotspot\src\share\vm\classfile\systemDictionary.cpp, lÇ)[w	Ão@
Event: 254.376 Thread 0x0000000015d37800 Exception <a 'java/lang/ClassNotFoundException': com/sun/org/glassfish/hk2/osgiresourcelocator/ServiceLoader> (0x00000000f61c5268) thrown at [D:\re\workspace\8-2-build-windows-amd64-cygwin\jdk8u20\1074\hotspot\src\share\vm\classfile\systemDictionary.cpp, l`ª;ÕŒo@
Event: 254.463 Thread 0x0000000015bc5000 Exception <a 'java/lang/ClassNotFoundException': com/sun/org/glassfish/hk2/osgiresourcelocator/ServiceLoader> (0x00000000f61b6d50) thrown at [D:\re\workspace\8-2-build-windows-amd64-cygwin\jdk8u20\1074\hotspot\src\share\vm\classfile\systemDictionary.cpp, l∑õg·¡o@

Events (10 events):
Event: 254.217 Executing VM operation: ParallelGCFailedAllocation
Event: 254.272 Executing VM operation: ParallelGCFailedAllocation done
Event: 254.286 loading class com/sun/org/glassfish/hk2/osgiresourcelocator/ServiceLoader
Event: 254.286 loading class com/sun/org/glassfish/hk2/osgiresourcelocator/ServiceLoader done
Event: 254.303 loading class com/sun/org/glassfish/hk2/osgiresourcelocator/ServiceLoader
Event: 254.303 loading class com/sun/org/glassfish/hk2/osgiresourcelocator/ServiceLoader done
Event: 254.376 loading class com/sun/org/glassfish/hk2/osgiresourcelocator/ServiceLoader
Event: 254.376 loading class com/sun/org/glassfish/hk2/osgiresourcelocator/ServiceLoader done
Event: 254.462 loading class com/sun/org/glassfish/hk2/osgiresourcelocator/ServiceLoader
Event: 254.462 loading class com/sun/org/glassfish/hk2/osgiresourcelocator/ServiceLoader done


Dynamic libraries:
0x00007ff60b090000 - 0x00007ff60b0c4000 	C:\Program Files\Java\jdk1.8.0_20\bin\java.exe
0x00007ffa1c420000 - 0x00007ffa1c5c6000 	C:\Windows\SYSTEM32\ntdll.dll
0x00007ffa1ba50000 - 0x00007ffa1bb8a000 	C:\Windows\system32\KERNEL32.DLL
0x00007ffa19a90000 - 0x00007ffa19b9f000 	C:\Windows\system32\KERNELBASE.dll
0x00007ffa182f0000 - 0x00007ffa18378000 	C:\Windows\system32\apphelp.dll
0x00007ffa0b9d0000 - 0x00007ffa0ba1f000 	C:\Windows\AppPatch\AppPatch64\AcGenral.DLL
0x00007ffa1b560000 - 0x00007ffa1b607000 	C:\Windows\system32\msvcrt.dll
0x00007ffa195d0000 - 0x00007ffa195fb000 	C:\Windows\SYSTEM32\SspiCli.dll
0x00007ffa1b9f0000 - 0x00007ffa1ba41000 	C:\Windows\system32\SHLWAPI.dll
0x00007ffa1bc60000 - 0x00007ffa1bdd1000 	C:\Windows\system32\USER32.dll
0x00007ffa1b340000 - 0x00007ffa1b4b8000 	C:\Windows\system32\ole32.dll
0x00007ffa19d80000 - 0x00007ffa1b18f000 	C:\Windows\system32\SHELL32.dll
0x00007ffa18de0000 - 0x00007ffa18dfe000 	C:\Windows\SYSTEM32\USERENV.dll
0x00007ffa1b610000 - 0x00007ffa1b6b5000 	C:\Windows\system32\ADVAPI32.dll
0x00007ffa12420000 - 0x00007ffa1243b000 	C:\Windows\SYSTEM32\MPR.dll
0x00007ffa1b8b0000 - 0x00007ffa1b9e7000 	C:\Windows\system32\RPCRT4.dll
0x00007ffa1bc00000 - 0x00007ffa1bc57000 	C:\Windows\SYSTEM32\sechost.dll
0x00007ffa1bde0000 - 0x00007ffa1bfb6000 	C:\Windows\SYSTEM32\combase.dll
0x00007ffa1b1f0000 - 0x00007ffa1b334000 	C:\Windows\system32\GDI32.dll
0x00007ffa19790000 - 0x00007ffa197a4000 	C:\Windows\SYSTEM32\profapi.dll
0x00007ffa18380000 - 0x00007ffa1841f000 	C:\Windows\SYSTEM32\SHCORE.dll
0x00007ffa19cb0000 - 0x00007ffa19ce4000 	C:\Windows\system32\IMM32.DLL
0x00007ffa1b6c0000 - 0x00007ffa1b7f9000 	C:\Windows\system32\MSCTF.dll
0x00007ffa179c0000 - 0x00007ffa17c1a000 	C:\Windows\WinSxS\amd64_microsoft.windows.common-controls_6595b64144ccf1df_6.0.9600.17031_none_6242a4b3ecbb55a1\COMCTL32.dll
0x0000000066320000 - 0x00000000663f2000 	C:\Program Files\Java\jdk1.8.0_20\jre\bin\msvcr100.dll
0x0000000065ac0000 - 0x0000000066318000 	C:\Program Files\Java\jdk1.8.0_20\jre\bin\server\jvm.dll
0x00007ffa181d0000 - 0x00007ffa181d9000 	C:\Windows\SYSTEM32\WSOCK32.dll
0x00007ffa17c80000 - 0x00007ffa17c9f000 	C:\Windows\SYSTEM32\WINMM.dll
0x00007ffa19ca0000 - 0x00007ffa19ca7000 	C:\Windows\system32\PSAPI.DLL
0x00007ffa19d20000 - 0x00007ffa19d78000 	C:\Windows\system32\WS2_32.dll
0x00007ffa176b0000 - 0x00007ffa176da000 	C:\Windows\SYSTEM32\WINMMBASE.dll
0x00007ffa19cf0000 - 0x00007ffa19cf9000 	C:\Windows\system32\NSI.dll
0x00007ffa19ba0000 - 0x00007ffa19bea000 	C:\Windows\SYSTEM32\cfgmgr32.dll
0x00007ffa18610000 - 0x00007ffa18636000 	C:\Windows\SYSTEM32\DEVOBJ.dll
0x0000000065ab0000 - 0x0000000065abf000 	C:\Program Files\Java\jdk1.8.0_20\jre\bin\verify.dll
0x0000000065a80000 - 0x0000000065aa8000 	C:\Program Files\Java\jdk1.8.0_20\jre\bin\java.dll
0x0000000065a60000 - 0x0000000065a76000 	C:\Program Files\Java\jdk1.8.0_20\jre\bin\zip.dll
0x00007ffa181b0000 - 0x00007ffa181c0000 	C:\Program Files (x86)\JetBrains\IntelliJ IDEA Community Edition 14.0\bin\breakgen64.dll
0x0000000065a40000 - 0x0000000065a5a000 	C:\Program Files\Java\jdk1.8.0_20\jre\bin\net.dll
0x00007ffa19040000 - 0x00007ffa19098000 	C:\Windows\system32\mswsock.dll
0x000000006a8c0000 - 0x000000006a976000 	C:\Users\350z6_000\AppData\Local\Temp\sqlite-3.8.2-amd64-sqlitejdbc.dll
0x00007ff9ff8d0000 - 0x00007ff9ffa58000 	C:\Windows\SYSTEM32\dbghelp.dll

VM Arguments:
jvm_args: -Didea.launcher.port=7532 -Didea.launcher.bin.path=C:\Program Files (x86)\JetBrains\IntelliJ IDEA Community Edition 14.0\bin -Dfile.encoding=UTF-8 
java_command: com.intellij.rt.execution.application.AppMain Main
java_class_path (initial): C:\Program Files\Java\jdk1.8.0_20\jre\lib\charsets.jar;C:\Program Files\Java\jdk1.8.0_20\jre\lib\deploy.jar;C:\Program Files\Java\jdk1.8.0_20\jre\lib\javaws.jar;C:\Program Files\Java\jdk1.8.0_20\jre\lib\jce.jar;C:\Program Files\Java\jdk1.8.0_20\jre\lib\jfr.jar;C:\Program Files\Java\jdk1.8.0_20\jre\lib\jfxswt.jar;C:\Program Files\Java\jdk1.8.0_20\jre\lib\jsse.jar;C:\Program Files\Java\jdk1.8.0_20\jre\lib\management-agent.jar;C:\Program Files\Java\jdk1.8.0_20\jre\lib\plugin.jar;C:\Program Files\Java\jdk1.8.0_20\jre\lib\resources.jar;C:\Program Files\Java\jdk1.8.0_20\jre\lib\rt.jar;C:\Program Files\Java\jdk1.8.0_20\jre\lib\ext\access-bridge-64.jar;C:\Program Files\Java\jdk1.8.0_20\jre\lib\ext\cldrdata.jar;C:\Program Files\Java\jdk1.8.0_20\jre\lib\ext\dnsns.jar;C:\Program Files\Java\jdk1.8.0_20\jre\lib\ext\jaccess.jar;C:\Program Files\Java\jdk1.8.0_20\jre\lib\ext\jfxrt.jar;C:\Program Files\Java\jdk1.8.0_20\jre\lib\ext\localedata.jar;C:\Program Files\Java\jdk1.8.0_20\jre\lib\ext\nashorn.jar;C:\Program Files\Java\jdk1.8.0_20\jre\lib\ext\sunec.jar;C:\Program Files\Java\jdk1.8.0_20\jre\lib\ext\sunjce_provider.jar;C:\Program Files\Java\jdk1.8.0_20\jre\lib\ext\sunmscapi.jar;C:\Program Files\Java\jdk1.8.0_20\jre\lib\ext\sunpkcs11.jar;C:\Program Files\Java\jdk1.8.0_20\jre\lib\ext\zipfs.jar;C:\Users\350z6_000\Documents\GitHub\Diplom\DServer\out\production\DServer;C:\Users\350z6_000\Documents\GitHub\Diplom\sqllite\sqlite-jdbc4-3.8.2-SNAPSHOT.jar;C:\Program Files (x86)\JetBrains\IntelliJ IDEA Community Edition 14.0\lib\idea_rt.jar
Launcher Type: SUN_STANDARD

Environment Variables:
PATH=C:\Program Files (x86)\NVIDIA Corporation\PhysX\Common;C:\ProgramData\Oracle\Java\javapath;C:\Windows\system32;C:\Windows;C:\Windows\System32\Wbem;C:\Windows\System32\WindowsPowerShell\v1.0\;C:\Program Files\Common Files\Autodesk Shared\;C:\Program Files (x86)\Autodesk\Backburner\;C:\Program Files\Calibre2\;C:\Program Files (x86)\PrimeSense\NITE\bin;F:\Matlab803\runtime\win64;F:\Matlab803\bin;F:\Matlab803\polyspace\bin;C:\Program Files (x86)\QuickTime\QTSystem\
USERNAME=350z6233
OS=Windows_NT
PROCESSOR_IDENTIFIER=Intel64 Family 6 Model 37 Stepping 5, GenuineIntel



---------------  S Y S T E M  ---------------

OS: Windows 8.1 , 64 bit Build 9600 

CPU:total 4 (2 cores per cpu, 2 threads per core) family 6 model 37 stepping 5, cmov, cx8, fxsr, mmx, sse, sse2, sse3, ssse3, sse4.1, sse4.2, popcnt, ht, tsc, tscinvbit

Memory: 4k page, physical 1955692k(266844k free), swap 5494636k(3361844k free)

vm_info: Java HotSpot(TM) 64-Bit Server VM (25.20-b23) for windows-amd64 JRE (1.8.0_20-b26), built on Jul 30 2014 13:51:23 by "java_re" with MS VC++ 10.0 (VS2010)

time: Tue Nov 18 11:37:10 2014
elapsed time: 254 seconds (0d 0h 4m 14s)

