#
# A fatal error has been detected by the Java Runtime Environment:
#
#  EXCEPTION_ACCESS_VIOLATION (0xc0000005) at pc=0x000000006a8c87c8, pid=5220, tid=2944
#
# JRE version: Java(TM) SE Runtime Environment (8.0_20-b26) (build 1.8.0_20-b26)
# Java VM: Java HotSpot(TM) 64-Bit Server VM (25.20-b23 mixed mode windows-amd64 compressed oops)
# Problematic frame:
# C  [sqlite-3.8.2-amd64-sqlitejdbc.dll+0x87c8]
#
# Failed to write core dump. Minidumps are not enabled by default on client versions of Windows
#
# If you would like to submit a bug report, please visit:
#   http://bugreport.sun.com/bugreport/crash.jsp
# The crash happened outside the Java Virtual Machine in native code.
# See problematic frame for where to report the bug.
#

---------------  T H R E A D  ---------------

Current thread (0x0000000017c18800):  JavaThread "Thread-3" [_thread_in_native, id=2944, stack(0x0000000018ba0000,0x0000000018ca0000)]

siginfo: ExceptionCode=0xc0000005, reading address 0x0000000000000018

Registers:
RAX=0x0000000000000004, RBX=0x0000000018ab5218, RCX=0x0000000018ab5218, RDX=0x0000000000000000
RSP=0x0000000018c9eec0, RBP=0x0000000018c9efd8, RSI=0x0000000000000000, RDI=0x0000000000000000
R8 =0x000000006a8f3410, R9 =0x0000000000000000, R10=0x00000000029c664b, R11=0x000000005f7714f0
R12=0x0000000000000000, R13=0x0000000015ca2618, R14=0x0000000018c9f010, R15=0x0000000017c18800
RIP=0x000000006a8c87c8, EFLAGS=0x0000000000010297

Top of Stack: (sp=0x0000000018c9eec0)
0x0000000018c9eec0:   0000000018c9ef88 000000005f78242f
0x0000000018c9eed0:   0000000018c9ef88 0000000018c9efd8
0x0000000018c9eee0:   0000000017c18800 0000000017c18800
0x0000000018c9eef0:   0000000017c189e8 0000000000000064
0x0000000018c9ef00:   00000000029b7470 000000006a8c2493
0x0000000018c9ef10:   0000000000000064 000000005f6451ab
0x0000000018c9ef20:   0000000017e9b5b0 000000005f607c01
0x0000000018c9ef30:   0000000015ca2618 00000000029c6677
0x0000000018c9ef40:   00000000e184d990 000000005f6452c1
0x0000000018c9ef50:   00000000029b7470 00000000029c641f
0x0000000018c9ef60:   0000000017c18800 0000000015ca2618
0x0000000018c9ef70:   0000000000000004 000000005f65b982
0x0000000018c9ef80:   00000000029c63d9 0000000000000003
0x0000000018c9ef90:   00000000e0d51118 0000000018c9ef88
0x0000000018c9efa0:   0000000015ca2618 0000000018c9f010
0x0000000018c9efb0:   0000000015cbeff8 0000000000000000 

Instructions: (pc=0x000000006a8c87c8)
0x000000006a8c87a8:   5c 24 30 48 89 74 24 38 48 89 cb 48 89 7c 24 40
0x000000006a8c87b8:   48 8b 31 0f b7 41 48 78 7f 39 c2 7d 7b 44 89 cf
0x000000006a8c87c8:   48 8b 4e 18 0f af f8 01 d7 48 85 c9 74 10 4c 89
0x000000006a8c87d8:   44 24 28 ff 15 47 3d 09 00 4c 8b 44 24 28 48 63 


Register to memory mapping:

RAX=0x0000000000000004 is an unknown value
RBX=0x0000000018ab5218 is an unknown value
RCX=0x0000000018ab5218 is an unknown value
RDX=0x0000000000000000 is an unknown value
RSP=0x0000000018c9eec0 is pointing into the stack for thread: 0x0000000017c18800
RBP=0x0000000018c9efd8 is pointing into the stack for thread: 0x0000000017c18800
RSI=0x0000000000000000 is an unknown value
RDI=0x0000000000000000 is an unknown value
R8 =0x000000006a8f3410 is an unknown value
R9 =0x0000000000000000 is an unknown value
R10=0x00000000029c664b is at code_begin+1227 in an Interpreter codelet
method entry point (kind = native_synchronized)  [0x00000000029c6180, 0x00000000029c6c60]  2784 bytes
R11=0x000000005f7714f0 is an unknown value
R12=0x0000000000000000 is an unknown value
R13={method} {0x0000000015ca2620} 'column_name' '(JI)Ljava/lang/String;' in 'org/sqlite/core/NativeDB'
R14=0x0000000018c9f010 is pointing into the stack for thread: 0x0000000017c18800
R15=0x0000000017c18800 is a thread


Stack: [0x0000000018ba0000,0x0000000018ca0000],  sp=0x0000000018c9eec0,  free space=1019k
Native frames: (J=compiled Java code, j=interpreted, Vv=VM code, C=native code)
C  [sqlite-3.8.2-amd64-sqlitejdbc.dll+0x87c8]

Java frames: (J=compiled Java code, j=interpreted, Vv=VM code)
j  org.sqlite.core.NativeDB.column_name(JI)Ljava/lang/String;+0
j  org.sqlite.core.DB.column_names(J)[Ljava/lang/String;+26
j  org.sqlite.jdbc3.JDBC3Statement.getResultSet()Ljava/sql/ResultSet;+62
j  org.sqlite.jdbc3.JDBC3Statement.executeQuery(Ljava/lang/String;)Ljava/sql/ResultSet;+43
j  DBConnector.getAllUsersLoginsTypes()[LUser;+14
j  SocketForOneUser.switcher()V+351
j  SocketForOneUser.run()V+55
v  ~StubRoutines::call_stub

---------------  P R O C E S S  ---------------

Java Threads: ( => current thread )
  0x0000000017e11800 JavaThread "Thread-4" [_thread_in_native, id=5964, stack(0x0000000018ca0000,0x0000000018da0000)]
=>0x0000000017c18800 JavaThread "Thread-3" [_thread_in_native, id=2944, stack(0x0000000018ba0000,0x0000000018ca0000)]
  0x0000000017b9f000 JavaThread "Monitor Ctrl-Break" daemon [_thread_in_native, id=1624, stack(0x00000000180e0000,0x00000000181e0000)]
  0x000000001628d800 JavaThread "Service Thread" daemon [_thread_blocked, id=5276, stack(0x0000000017eb0000,0x0000000017fb0000)]
  0x0000000016236000 JavaThread "C1 CompilerThread2" daemon [_thread_blocked, id=3896, stack(0x00000000179b0000,0x0000000017ab0000)]
  0x000000001622f000 JavaThread "C2 CompilerThread1" daemon [_thread_blocked, id=5004, stack(0x00000000178b0000,0x00000000179b0000)]
  0x000000001622d000 JavaThread "C2 CompilerThread0" daemon [_thread_blocked, id=4508, stack(0x00000000177b0000,0x00000000178b0000)]
  0x000000001622a800 JavaThread "Attach Listener" daemon [_thread_blocked, id=2580, stack(0x00000000176b0000,0x00000000177b0000)]
  0x0000000016229800 JavaThread "Signal Dispatcher" daemon [_thread_blocked, id=6492, stack(0x00000000175b0000,0x00000000176b0000)]
  0x00000000029a7000 JavaThread "Finalizer" daemon [_thread_blocked, id=6404, stack(0x00000000174a0000,0x00000000175a0000)]
  0x000000000299e000 JavaThread "Reference Handler" daemon [_thread_blocked, id=6968, stack(0x00000000173a0000,0x00000000174a0000)]
  0x00000000027ae800 JavaThread "main" [_thread_in_native, id=96, stack(0x00000000027b0000,0x00000000028b0000)]

Other Threads:
  0x00000000161f6800 VMThread [stack: 0x00000000172a0000,0x00000000173a0000] [id=3764]
  0x0000000017ac6800 WatcherThread [stack: 0x0000000017fb0000,0x00000000180b0000] [id=2376]

VM state:not at safepoint (normal execution)

VM Mutex/Monitor currently owned by a thread: None

Heap:
 PSYoungGen      total 28672K, used 15755K [0x00000000e0980000, 0x00000000e2980000, 0x0000000100000000)
  eden space 24576K, 64% used [0x00000000e0980000,0x00000000e18e2ca8,0x00000000e2180000)
  from space 4096K, 0% used [0x00000000e2580000,0x00000000e2580000,0x00000000e2980000)
  to   space 4096K, 0% used [0x00000000e2180000,0x00000000e2180000,0x00000000e2580000)
 ParOldGen       total 65536K, used 0K [0x00000000a1c00000, 0x00000000a5c00000, 0x00000000e0980000)
  object space 65536K, 0% used [0x00000000a1c00000,0x00000000a1c00000,0x00000000a5c00000)
 Metaspace       used 8831K, capacity 8988K, committed 9088K, reserved 1056768K
  class space    used 1006K, capacity 1060K, committed 1152K, reserved 1048576K

Card table byte_map: [0x0000000011d70000,0x0000000012070000] byte_map_base: 0x0000000011862000

Marking Bits: (ParMarkBitMap*) 0x000000005fd3b460
 Begin Bits: [0x0000000012670000, 0x0000000013e00000)
 End Bits:   [0x0000000013e00000, 0x0000000015590000)

Polling page: 0x0000000002720000

CodeCache: size=245760Kb used=3456Kb max_used=3456Kb free=242303Kb
 bounds [0x00000000029b0000, 0x0000000002d20000, 0x00000000119b0000]
 total_blobs=1273 nmethods=973 adapters=214
 compilation: enabled

Compilation events (10 events):
Event: 182.510 Thread 0x0000000016236000  962       3       com.sun.xml.internal.bind.v2.model.nav.ReflectionNavigator::isStaticField (9 bytes)
Event: 182.510 Thread 0x0000000016236000 nmethod 962 0x0000000002ce2010 code [0x0000000002ce2180, 0x0000000002ce25f0]
Event: 182.510 Thread 0x0000000016236000  963       3       com.sun.xml.internal.bind.v2.model.nav.ReflectionNavigator::isStaticField (8 bytes)
Event: 182.510 Thread 0x0000000016236000 nmethod 963 0x0000000002ce1b10 code [0x0000000002ce1c80, 0x0000000002ce1f30]
Event: 182.510 Thread 0x0000000016236000  964       3       com.sun.xml.internal.bind.v2.model.impl.RuntimeClassInfoImpl$RuntimePropertySeed::<init> (15 bytes)
Event: 182.510 Thread 0x0000000016236000 nmethod 964 0x0000000002ce1750 code [0x0000000002ce18a0, 0x0000000002ce1a70]
Event: 182.510 Thread 0x0000000016236000  972       3       com.sun.xml.internal.bind.v2.model.impl.ElementPropertyInfoImpl::link (189 bytes)
Event: 182.511 Thread 0x0000000016236000 nmethod 972 0x0000000002ce3010 code [0x0000000002ce3380, 0x0000000002ce52b8]
Event: 182.511 Thread 0x0000000016236000  965   !   3       com.sun.xml.internal.bind.v2.model.impl.ClassInfoImpl::addProperty (1382 bytes)
Event: 182.511 Thread 0x000000001622f000 nmethod 961 0x0000000002ce1190 code [0x0000000002ce12e0, 0x0000000002ce1518]

GC Heap History (0 events):
No events

Deoptimization events (3 events):
Event: 0.134 Thread 0x00000000027ae800 Uncommon trap: reason=unloaded action=reinterpret pc=0x0000000002b129e4 method=org.sqlite.SQLiteJDBCLoader.md5sum(Ljava/io/InputStream;)Ljava/lang/String; @ 35
Event: 0.134 Thread 0x00000000027ae800 Uncommon trap: reason=unreached action=reinterpret pc=0x0000000002b17c70 method=sun.security.provider.DigestBase.engineUpdate(B)V @ 4
Event: 153.439 Thread 0x0000000017e11800 Uncommon trap: reason=range_check action=make_not_entrant pc=0x0000000002b9bfa0 method=sun.reflect.generics.parser.SignatureParser.current()C @ 34

Internal exceptions (10 events):
Event: 178.431 Thread 0x0000000017c18800 Exception <a 'java/lang/ClassNotFoundException': com/sun/org/glassfish/hk2/osgiresourcelocator/ServiceLoader> (0x00000000e1697068) thrown at [D:\re\workspace\8-2-build-windows-amd64-cygwin\jdk8u20\1074\hotspot\src\share\vm\classfile\systemDictionary.cpp, lø²›åNf@
Event: 178.438 Thread 0x0000000017c18800 Exception <a 'java/lang/ClassNotFoundException': com/sun/org/glassfish/hk2/osgiresourcelocator/ServiceLoader> (0x00000000e16bf238) thrown at [D:\re\workspace\8-2-build-windows-amd64-cygwin\jdk8u20\1074\hotspot\src\share\vm\classfile\systemDictionary.cpp, l
Event: 178.477 Thread 0x0000000017c18800 Exception <a 'java/lang/ClassNotFoundException': com/sun/org/glassfish/hk2/osgiresourcelocator/ServiceLoader> (0x00000000e16e47d8) thrown at [D:\re\workspace\8-2-build-windows-amd64-cygwin\jdk8u20\1074\hotspot\src\share\vm\classfile\systemDictionary.cpp, l‚~nÝROf@
Event: 178.479 Thread 0x0000000017c18800 Exception <a 'java/lang/ClassNotFoundException': com/sun/org/glassfish/hk2/osgiresourcelocator/ServiceLoader> (0x00000000e18022a8) thrown at [D:\re\workspace\8-2-build-windows-amd64-cygwin\jdk8u20\1074\hotspot\src\share\vm\classfile\systemDictionary.cpp, lwr>~ÃÎf@
Event: 182.461 Thread 0x0000000017e11800 Exception <a 'java/lang/ClassNotFoundException': com/sun/org/glassfish/hk2/osgiresourcelocator/ServiceLoader> (0x00000000e17aa608) thrown at [D:\re\workspace\8-2-build-windows-amd64-cygwin\jdk8u20\1074\hotspot\src\share\vm\classfile\systemDictionary.cpp, l8ìä«HÏf@
Event: 182.478 Thread 0x0000000017e11800 Exception <a 'java/lang/ClassNotFoundException': com/sun/org/glassfish/hk2/osgiresourcelocator/ServiceLoader> (0x00000000e17d32e8) thrown at [D:\re\workspace\8-2-build-windows-amd64-cygwin\jdk8u20\1074\hotspot\src\share\vm\classfile\systemDictionary.cpp, ltoi’VÏf@
Event: 182.479 Thread 0x0000000017e11800 Exception <a 'java/lang/ClassNotFoundException': com/sun/org/glassfish/hk2/osgiresourcelocator/ServiceLoader> (0x00000000e18711a0) thrown at [D:\re\workspace\8-2-build-windows-amd64-cygwin\jdk8u20\1074\hotspot\src\share\vm\classfile\systemDictionary.cpp, lß)„‹ãÏf@
Event: 182.497 Thread 0x0000000017e11800 Exception <a 'java/lang/ClassNotFoundException': com/sun/org/glassfish/hk2/osgiresourcelocator/ServiceLoader> (0x00000000e1893ed8) thrown at [D:\re\workspace\8-2-build-windows-amd64-cygwin\jdk8u20\1074\hotspot\src\share\vm\classfile\systemDictionary.cpp, lìñ‹7JÐf@
Event: 182.509 Thread 0x0000000017c18800 Exception <a 'java/lang/ClassNotFoundException': com/sun/org/glassfish/hk2/osgiresourcelocator/ServiceLoader> (0x00000000e1825ca0) thrown at [D:\re\workspace\8-2-build-windows-amd64-cygwin\jdk8u20\1074\hotspot\src\share\vm\classfile\systemDictionary.cpp, lž¤!swÐf@
Event: 182.515 Thread 0x0000000017e11800 Exception <a 'java/lang/ClassNotFoundException': com/sun/org/glassfish/hk2/osgiresourcelocator/ServiceLoader> (0x00000000e18bc878) thrown at [D:\re\workspace\8-2-build-windows-amd64-cygwin\jdk8u20\1074\hotspot\src\share\vm\classfile\systemDictionary.cpp, l¥kë:ÌMf@

Events (10 events):
Event: 182.478 loading class com/sun/org/glassfish/hk2/osgiresourcelocator/ServiceLoader
Event: 182.478 loading class com/sun/org/glassfish/hk2/osgiresourcelocator/ServiceLoader done
Event: 182.479 loading class com/sun/org/glassfish/hk2/osgiresourcelocator/ServiceLoader
Event: 182.479 loading class com/sun/org/glassfish/hk2/osgiresourcelocator/ServiceLoader done
Event: 182.496 loading class com/sun/org/glassfish/hk2/osgiresourcelocator/ServiceLoader
Event: 182.497 loading class com/sun/org/glassfish/hk2/osgiresourcelocator/ServiceLoader done
Event: 182.509 loading class com/sun/org/glassfish/hk2/osgiresourcelocator/ServiceLoader
Event: 182.509 loading class com/sun/org/glassfish/hk2/osgiresourcelocator/ServiceLoader done
Event: 182.515 loading class com/sun/org/glassfish/hk2/osgiresourcelocator/ServiceLoader
Event: 182.515 loading class com/sun/org/glassfish/hk2/osgiresourcelocator/ServiceLoader done


Dynamic libraries:
0x00007ff6f2d00000 - 0x00007ff6f2d34000 	C:\Program Files\Java\jdk1.8.0_20\bin\java.exe
0x00007ffc9a030000 - 0x00007ffc9a1d6000 	C:\Windows\SYSTEM32\ntdll.dll
0x00007ffc98340000 - 0x00007ffc9847a000 	C:\Windows\system32\KERNEL32.DLL
0x00007ffc977a0000 - 0x00007ffc978af000 	C:\Windows\system32\KERNELBASE.dll
0x00007ffc95560000 - 0x00007ffc955e8000 	C:\Windows\system32\apphelp.dll
0x00007ffc8cdf0000 - 0x00007ffc8ce3f000 	C:\Windows\AppPatch\AppPatch64\AcGenral.DLL
0x00007ffc97ef0000 - 0x00007ffc97f97000 	C:\Windows\system32\msvcrt.dll
0x00007ffc971e0000 - 0x00007ffc9720b000 	C:\Windows\SYSTEM32\SspiCli.dll
0x00007ffc97e50000 - 0x00007ffc97ea1000 	C:\Windows\system32\SHLWAPI.dll
0x00007ffc99d60000 - 0x00007ffc99ed1000 	C:\Windows\system32\USER32.dll
0x00007ffc97cd0000 - 0x00007ffc97e48000 	C:\Windows\system32\ole32.dll
0x00007ffc98810000 - 0x00007ffc99c1f000 	C:\Windows\system32\SHELL32.dll
0x00007ffc96580000 - 0x00007ffc9659e000 	C:\Windows\SYSTEM32\USERENV.dll
0x00007ffc99ee0000 - 0x00007ffc99f85000 	C:\Windows\system32\ADVAPI32.dll
0x00007ffc8d720000 - 0x00007ffc8d73b000 	C:\Windows\SYSTEM32\MPR.dll
0x00007ffc97fa0000 - 0x00007ffc980d7000 	C:\Windows\system32\RPCRT4.dll
0x00007ffc97910000 - 0x00007ffc97967000 	C:\Windows\SYSTEM32\sechost.dll
0x00007ffc97ad0000 - 0x00007ffc97ca6000 	C:\Windows\SYSTEM32\combase.dll
0x00007ffc986c0000 - 0x00007ffc98804000 	C:\Windows\system32\GDI32.dll
0x00007ffc973a0000 - 0x00007ffc973b4000 	C:\Windows\SYSTEM32\profapi.dll
0x00007ffc96a00000 - 0x00007ffc96a9f000 	C:\Windows\SYSTEM32\SHCORE.dll
0x00007ffc97eb0000 - 0x00007ffc97ee4000 	C:\Windows\system32\IMM32.DLL
0x00007ffc99c20000 - 0x00007ffc99d59000 	C:\Windows\system32\MSCTF.dll
0x00007ffc96e80000 - 0x00007ffc970da000 	C:\Windows\WinSxS\amd64_microsoft.windows.common-controls_6595b64144ccf1df_6.0.9600.17031_none_6242a4b3ecbb55a1\COMCTL32.dll
0x0000000060610000 - 0x00000000606e2000 	C:\Program Files\Java\jdk1.8.0_20\jre\bin\msvcr100.dll
0x000000005f560000 - 0x000000005fdb8000 	C:\Program Files\Java\jdk1.8.0_20\jre\bin\server\jvm.dll
0x00007ffc96150000 - 0x00007ffc96159000 	C:\Windows\SYSTEM32\WSOCK32.dll
0x00007ffc948a0000 - 0x00007ffc948bf000 	C:\Windows\SYSTEM32\WINMM.dll
0x00007ffc98330000 - 0x00007ffc98337000 	C:\Windows\system32\PSAPI.DLL
0x00007ffc98660000 - 0x00007ffc986b8000 	C:\Windows\system32\WS2_32.dll
0x00007ffc94820000 - 0x00007ffc9484a000 	C:\Windows\SYSTEM32\WINMMBASE.dll
0x00007ffc97cb0000 - 0x00007ffc97cb9000 	C:\Windows\system32\NSI.dll
0x00007ffc97750000 - 0x00007ffc9779a000 	C:\Windows\SYSTEM32\cfgmgr32.dll
0x00007ffc957e0000 - 0x00007ffc95806000 	C:\Windows\SYSTEM32\DEVOBJ.dll
0x0000000060600000 - 0x000000006060f000 	C:\Program Files\Java\jdk1.8.0_20\jre\bin\verify.dll
0x00000000605d0000 - 0x00000000605f8000 	C:\Program Files\Java\jdk1.8.0_20\jre\bin\java.dll
0x00000000605b0000 - 0x00000000605c6000 	C:\Program Files\Java\jdk1.8.0_20\jre\bin\zip.dll
0x00007ffc91c00000 - 0x00007ffc91c10000 	C:\Program Files (x86)\JetBrains\IntelliJ IDEA Community Edition 14.0\bin\breakgen64.dll
0x0000000060590000 - 0x00000000605aa000 	C:\Program Files\Java\jdk1.8.0_20\jre\bin\net.dll
0x00007ffc967d0000 - 0x00007ffc96828000 	C:\Windows\system32\mswsock.dll
0x000000006a8c0000 - 0x000000006a976000 	C:\Users\350z6_000\AppData\Local\Temp\sqlite-3.8.2-amd64-sqlitejdbc.dll
0x00007ffc791d0000 - 0x00007ffc79358000 	C:\Windows\SYSTEM32\dbghelp.dll

VM Arguments:
jvm_args: -Didea.launcher.port=7536 -Didea.launcher.bin.path=C:\Program Files (x86)\JetBrains\IntelliJ IDEA Community Edition 14.0\bin -Dfile.encoding=UTF-8 
java_command: com.intellij.rt.execution.application.AppMain Main
java_class_path (initial): C:\Program Files\Java\jdk1.8.0_20\jre\lib\charsets.jar;C:\Program Files\Java\jdk1.8.0_20\jre\lib\deploy.jar;C:\Program Files\Java\jdk1.8.0_20\jre\lib\javaws.jar;C:\Program Files\Java\jdk1.8.0_20\jre\lib\jce.jar;C:\Program Files\Java\jdk1.8.0_20\jre\lib\jfr.jar;C:\Program Files\Java\jdk1.8.0_20\jre\lib\jfxswt.jar;C:\Program Files\Java\jdk1.8.0_20\jre\lib\jsse.jar;C:\Program Files\Java\jdk1.8.0_20\jre\lib\management-agent.jar;C:\Program Files\Java\jdk1.8.0_20\jre\lib\plugin.jar;C:\Program Files\Java\jdk1.8.0_20\jre\lib\resources.jar;C:\Program Files\Java\jdk1.8.0_20\jre\lib\rt.jar;C:\Program Files\Java\jdk1.8.0_20\jre\lib\ext\access-bridge-64.jar;C:\Program Files\Java\jdk1.8.0_20\jre\lib\ext\cldrdata.jar;C:\Program Files\Java\jdk1.8.0_20\jre\lib\ext\dnsns.jar;C:\Program Files\Java\jdk1.8.0_20\jre\lib\ext\jaccess.jar;C:\Program Files\Java\jdk1.8.0_20\jre\lib\ext\jfxrt.jar;C:\Program Files\Java\jdk1.8.0_20\jre\lib\ext\localedata.jar;C:\Program Files\Java\jdk1.8.0_20\jre\lib\ext\nashorn.jar;C:\Program Files\Java\jdk1.8.0_20\jre\lib\ext\sunec.jar;C:\Program Files\Java\jdk1.8.0_20\jre\lib\ext\sunjce_provider.jar;C:\Program Files\Java\jdk1.8.0_20\jre\lib\ext\sunmscapi.jar;C:\Program Files\Java\jdk1.8.0_20\jre\lib\ext\sunpkcs11.jar;C:\Program Files\Java\jdk1.8.0_20\jre\lib\ext\zipfs.jar;C:\Users\350z6_000\Documents\GitHub\Diplom\DServer\out\production\DServer;C:\Users\350z6_000\Documents\GitHub\Diplom\sqllite\sqlite-jdbc4-3.8.2-SNAPSHOT.jar;C:\Program Files (x86)\JetBrains\IntelliJ IDEA Community Edition 14.0\lib\idea_rt.jar
Launcher Type: SUN_STANDARD

Environment Variables:
PATH=C:\Program Files (x86)\NVIDIA Corporation\PhysX\Common;C:\ProgramData\Oracle\Java\javapath;C:\Windows\system32;C:\Windows;C:\Windows\System32\Wbem;C:\Windows\System32\WindowsPowerShell\v1.0\;C:\Program Files\Common Files\Autodesk Shared\;C:\Program Files (x86)\Autodesk\Backburner\;C:\Program Files\Calibre2\;C:\Program Files (x86)\PrimeSense\NITE\bin;F:\Matlab803\runtime\win64;F:\Matlab803\bin;F:\Matlab803\polyspace\bin;C:\Program Files (x86)\QuickTime\QTSystem\
USERNAME=350z6233
OS=Windows_NT
PROCESSOR_IDENTIFIER=Intel64 Family 6 Model 60 Stepping 3, GenuineIntel



---------------  S Y S T E M  ---------------

OS: Windows 8.1 , 64 bit Build 9600 

CPU:total 4 (4 cores per cpu, 1 threads per core) family 6 model 60 stepping 3, cmov, cx8, fxsr, mmx, sse, sse2, sse3, ssse3, sse4.1, sse4.2, popcnt, avx, avx2, aes, clmul, erms, rtm, lzcnt, tsc, tscinvbit, bmi1, bmi2

Memory: 4k page, physical 6169248k(998024k free), swap 12460704k(5463224k free)

vm_info: Java HotSpot(TM) 64-Bit Server VM (25.20-b23) for windows-amd64 JRE (1.8.0_20-b26), built on Jul 30 2014 13:51:23 by "java_re" with MS VC++ 10.0 (VS2010)

time: Wed Nov 19 01:54:31 2014
elapsed time: 182 seconds (0d 0h 3m 2s)

